  callback.cpp
C:\Users\Mr.W\Documents\GeoSeries\GeoFrame\includes\window.hpp(39,51): warning C4267: 'return': 'size_t' から 'int' に変換しました。データが失われているかもしれません。
C:\Program Files\Microsoft Visual Studio\2022\Community\VC\Tools\MSVC\14.37.32822\include\utility(263,16): warning C4244: '初期化中': 'const _Ty1' から '_Ty1' への変換です。データが失われる可能性があります。
          with
          [
              _Ty1=double
          ]
          and
          [
              _Ty1=float
          ]
C:\Users\Mr.W\Documents\GeoSeries\GeoFrame\includes\window.hpp(370,9): message : コンパイル対象の関数 テンプレート インスタンス化 'std::pair<float,float>::pair<double,double,0>(const std::pair<double,double> &) noexcept' のリファレンスを確認してください
C:\Users\Mr.W\Documents\GeoSeries\GeoFrame\includes\window.hpp(370,9): message : 'GeoFrame::Window::GetScrollOffset' の 'std::pair<float,float>::pair' への最初の参照を参照してください
C:\Program Files\Microsoft Visual Studio\2022\Community\VC\Tools\MSVC\14.37.32822\include\utility(263,38): warning C4244: '初期化中': 'const _Ty2' から '_Ty2' への変換です。データが失われる可能性があります。
          with
          [
              _Ty2=double
          ]
          and
          [
              _Ty2=float
          ]
  window.cpp
C:\Users\Mr.W\Documents\GeoSeries\GeoFrame\includes\window.hpp(39,51): warning C4267: 'return': 'size_t' から 'int' に変換しました。データが失われているかもしれません。
C:\Program Files\Microsoft Visual Studio\2022\Community\VC\Tools\MSVC\14.37.32822\include\utility(263,16): warning C4244: '初期化中': 'const _Ty1' から '_Ty1' への変換です。データが失われる可能性があります。
          with
          [
              _Ty1=double
          ]
          and
          [
              _Ty1=float
          ]
C:\Users\Mr.W\Documents\GeoSeries\GeoFrame\includes\window.hpp(370,9): message : コンパイル対象の関数 テンプレート インスタンス化 'std::pair<float,float>::pair<double,double,0>(const std::pair<double,double> &) noexcept' のリファレンスを確認してください
C:\Users\Mr.W\Documents\GeoSeries\GeoFrame\includes\window.hpp(370,9): message : 'GeoFrame::Window::GetScrollOffset' の 'std::pair<float,float>::pair' への最初の参照を参照してください
C:\Program Files\Microsoft Visual Studio\2022\Community\VC\Tools\MSVC\14.37.32822\include\utility(263,38): warning C4244: '初期化中': 'const _Ty2' から '_Ty2' への変換です。データが失われる可能性があります。
          with
          [
              _Ty2=double
          ]
          and
          [
              _Ty2=float
          ]
  GeoFrame.vcxproj -> C:\Users\Mr.W\Documents\GeoSeries\GeoFrame\x64\Release\GeoFrame.lib
